<?xml version="1.0" encoding="UTF-8"?>
<!-- Generated by org.testng.reporters.JUnitReportReporter -->
<testsuite hostname="DeepakHP95" failures="0" tests="1" name="com.runner.LoginPageRunner" time="5.530" errors="0" timestamp="2025-10-22T16:55:19 IST" skipped="0">
  <testcase classname="com.runner.LoginPageRunner" name="validLogin" time="5.530"/>
</testsuite> <!-- com.runner.LoginPageRunner -->
